2024-06-24 15:28:53,488 - INFO - Loaded frozen inference graph
2024-06-24 15:28:59,974 - INFO - Created detection function from frozen graph
2024-06-24 15:29:07,259 - INFO - Created pose-invariant model
2024-06-24 15:29:41,208 - INFO - Loaded features for 4 existing persons
2024-06-24 15:29:41,208 - INFO - Starting main detection loop
2024-06-24 15:29:46,413 - INFO - Detected Person 1 (0.80) at coordinates (157, 174, 629, 480)
2024-06-24 15:29:46,672 - INFO - Detected Person 1 (0.78) at coordinates (158, 177, 609, 480)
2024-06-24 15:29:46,880 - INFO - Detected Person 1 (Confirmed) (0.80) at coordinates (159, 178, 616, 480)
2024-06-24 15:29:47,076 - INFO - Detected Person 1 (Confirmed) (0.78) at coordinates (158, 177, 610, 480)
2024-06-24 15:29:47,302 - INFO - Detected Person 1 (Confirmed) (0.77) at coordinates (160, 177, 608, 480)
2024-06-24 15:29:47,500 - INFO - Detected Person 1 (Confirmed) (0.81) at coordinates (161, 177, 612, 480)
2024-06-24 15:29:47,736 - INFO - Detected Person 1 (Confirmed) (0.82) at coordinates (162, 178, 610, 480)
2024-06-24 15:29:47,943 - INFO - Detected Person 1 (Confirmed) (0.83) at coordinates (160, 174, 611, 480)
2024-06-24 15:29:48,149 - INFO - Detected Person 1 (Confirmed) (0.81) at coordinates (156, 176, 608, 480)
2024-06-24 15:29:48,340 - INFO - Detected Person 1 (Confirmed) (0.81) at coordinates (153, 175, 621, 480)
2024-06-24 15:29:48,575 - INFO - Detected Person 1 (Confirmed) (0.80) at coordinates (150, 174, 622, 480)
2024-06-24 15:29:48,788 - INFO - Detected Person 1 (Confirmed) (0.81) at coordinates (158, 164, 620, 480)
2024-06-24 15:29:49,011 - INFO - Detected Person 1 (Confirmed) (0.82) at coordinates (146, 166, 610, 480)
2024-06-24 15:29:49,251 - INFO - Detected Person 1 (Confirmed) (0.77) at coordinates (109, 165, 550, 475)
2024-06-24 15:29:49,482 - INFO - Detected Person 1 (Confirmed) (0.79) at coordinates (58, 182, 526, 480)
2024-06-24 15:29:49,714 - INFO - Detected Person 1 (Confirmed) (0.79) at coordinates (0, 196, 444, 479)
2024-06-24 15:29:49,936 - INFO - Detected Person 1 (Confirmed) (0.80) at coordinates (0, 178, 419, 479)
2024-06-24 15:29:50,162 - INFO - Detected Person 1 (Confirmed) (0.83) at coordinates (3, 181, 384, 479)
2024-06-24 15:29:50,356 - INFO - Detected Person 1 (Confirmed) (0.83) at coordinates (3, 177, 376, 480)
2024-06-24 15:29:50,578 - INFO - Detected Person 1 (Confirmed) (0.84) at coordinates (2, 172, 382, 480)
2024-06-24 15:29:50,791 - INFO - Detected Person 1 (Confirmed) (0.84) at coordinates (1, 171, 381, 480)
2024-06-24 15:29:50,940 - INFO - Detected Person 2 (0.70) at coordinates (483, 262, 638, 479)
2024-06-24 15:29:51,169 - INFO - Detected Person 1 (Confirmed) (0.84) at coordinates (2, 174, 374, 480)
2024-06-24 15:29:51,395 - INFO - Detected Person 1 (Confirmed) (0.84) at coordinates (2, 173, 373, 480)
2024-06-24 15:29:51,624 - INFO - Detected Person 1 (Confirmed) (0.83) at coordinates (3, 174, 375, 480)
2024-06-24 15:29:51,818 - INFO - Detected Person 1 (Confirmed) (0.85) at coordinates (3, 174, 374, 480)
2024-06-24 15:29:51,974 - INFO - Detected Person 1 (Confirmed) (0.78) at coordinates (472, 269, 640, 479)
2024-06-24 15:29:52,184 - INFO - Detected Person 1 (Confirmed) (0.84) at coordinates (1, 177, 376, 480)
2024-06-24 15:29:52,390 - INFO - Detected Person 1 (Confirmed) (0.84) at coordinates (3, 178, 377, 480)
2024-06-24 15:29:52,579 - INFO - Detected Person 1 (Confirmed) (0.83) at coordinates (2, 182, 375, 480)
2024-06-24 15:29:52,778 - INFO - Detected Person 1 (Confirmed) (0.82) at coordinates (0, 185, 355, 477)
2024-06-24 15:29:53,011 - INFO - Detected Person 1 (Confirmed) (0.82) at coordinates (5, 185, 364, 477)
2024-06-24 15:29:53,208 - INFO - Detected Person 1 (Confirmed) (0.77) at coordinates (0, 154, 408, 480)
2024-06-24 15:29:53,406 - INFO - Detected Person 1 (Confirmed) (0.76) at coordinates (3, 124, 424, 478)
2024-06-24 15:29:53,612 - INFO - Detected Person 1 (Confirmed) (0.78) at coordinates (9, 90, 569, 480)
2024-06-24 15:29:53,766 - INFO - Saved new image and features for person 1
2024-06-24 15:29:53,766 - INFO - New angle detected for person 1
2024-06-24 15:29:53,767 - INFO - Detected Person 1 (Confirmed) (0.72) at coordinates (453, 121, 640, 473)
2024-06-24 15:29:53,969 - INFO - Detected Person 1 (Confirmed) (0.75) at coordinates (3, 143, 495, 477)
2024-06-24 15:29:54,167 - INFO - Detected Person 1 (Confirmed) (0.76) at coordinates (3, 166, 504, 477)
2024-06-24 15:29:54,368 - INFO - Detected Person 1 (Confirmed) (0.77) at coordinates (0, 179, 485, 480)
2024-06-24 15:29:54,575 - INFO - Detected Person 1 (Confirmed) (0.77) at coordinates (4, 171, 499, 477)
2024-06-24 15:29:54,806 - INFO - Detected Person 1 (Confirmed) (0.78) at coordinates (6, 144, 536, 478)
2024-06-24 15:29:55,009 - INFO - Detected Person 1 (Confirmed) (0.75) at coordinates (0, 161, 423, 476)
2024-06-24 15:29:55,176 - INFO - Detected Person 1 (Confirmed) (0.78) at coordinates (383, 190, 621, 476)
2024-06-24 15:29:55,381 - INFO - Detected Person 1 (Confirmed) (0.77) at coordinates (0, 164, 429, 476)
2024-06-24 15:29:55,575 - INFO - Detected Person 1 (Confirmed) (0.78) at coordinates (0, 162, 427, 476)
2024-06-24 15:29:55,782 - INFO - Detected Person 1 (Confirmed) (0.78) at coordinates (2, 184, 415, 476)
2024-06-24 15:29:55,983 - INFO - Detected Person 1 (Confirmed) (0.77) at coordinates (0, 187, 426, 480)
2024-06-24 15:29:56,223 - INFO - Detected Person 1 (Confirmed) (0.79) at coordinates (0, 182, 426, 477)
2024-06-24 15:29:56,509 - INFO - Detected Person 1 (Confirmed) (0.79) at coordinates (0, 184, 417, 478)
2024-06-24 15:29:56,712 - INFO - Detected Person 1 (Confirmed) (0.76) at coordinates (377, 178, 626, 477)
2024-06-24 15:29:56,912 - INFO - Detected Person 1 (Confirmed) (0.76) at coordinates (332, 169, 595, 480)
2024-06-24 15:29:57,102 - INFO - Detected Person 1 (Confirmed) (0.75) at coordinates (334, 174, 640, 480)
2024-06-24 15:29:57,257 - INFO - Detected Person 1 (Confirmed) (0.79) at coordinates (0, 182, 422, 477)
2024-06-24 15:29:57,446 - INFO - Detected Person 1 (Confirmed) (0.75) at coordinates (328, 180, 634, 479)
2024-06-24 15:29:57,600 - INFO - Detected Person 1 (Confirmed) (0.79) at coordinates (0, 180, 409, 475)
2024-06-24 15:29:57,792 - INFO - Detected Person 1 (Confirmed) (0.76) at coordinates (340, 178, 640, 480)
2024-06-24 15:29:58,047 - INFO - Detected Person 1 (Confirmed) (0.80) at coordinates (3, 117, 405, 476)
2024-06-24 15:29:58,200 - INFO - Detected Person 1 (Confirmed) (0.76) at coordinates (361, 179, 639, 480)
2024-06-24 15:29:58,394 - INFO - Detected Person 1 (Confirmed) (0.79) at coordinates (349, 187, 634, 479)
2024-06-24 15:29:58,606 - INFO - Detected Person 1 (Confirmed) (0.78) at coordinates (348, 187, 626, 480)
2024-06-24 15:29:58,806 - INFO - Detected Person 1 (Confirmed) (0.79) at coordinates (353, 181, 640, 480)
2024-06-24 15:29:58,993 - INFO - Detected Person 1 (Confirmed) (0.79) at coordinates (353, 181, 640, 480)
2024-06-24 15:29:59,194 - INFO - Detected Person 1 (Confirmed) (0.78) at coordinates (355, 181, 640, 480)
2024-06-24 15:29:59,403 - INFO - Detected Person 1 (Confirmed) (0.77) at coordinates (353, 182, 627, 474)
2024-06-24 15:29:59,613 - INFO - Detected Person 1 (Confirmed) (0.76) at coordinates (336, 179, 634, 477)
2024-06-24 15:29:59,815 - INFO - Detected Person 1 (Confirmed) (0.77) at coordinates (345, 182, 623, 480)
2024-06-24 15:30:00,062 - INFO - Detected Person 1 (Confirmed) (0.78) at coordinates (329, 185, 633, 479)
2024-06-24 15:30:00,261 - INFO - Saved new image and features for person 1
2024-06-24 15:30:00,261 - INFO - New angle detected for person 1
2024-06-24 15:30:00,261 - INFO - Detected Person 1 (Confirmed) (0.74) at coordinates (344, 189, 640, 480)
2024-06-24 15:30:00,488 - INFO - Detected Person 1 (Confirmed) (0.75) at coordinates (340, 192, 633, 480)
2024-06-24 15:30:00,687 - INFO - Detected Person 1 (Confirmed) (0.76) at coordinates (338, 194, 637, 480)
2024-06-24 15:30:00,911 - INFO - Detected Person 1 (Confirmed) (0.75) at coordinates (341, 193, 636, 479)
2024-06-24 15:30:01,153 - INFO - Detected Person 1 (Confirmed) (0.74) at coordinates (344, 196, 628, 480)
2024-06-24 15:30:01,370 - INFO - Detected Person 1 (Confirmed) (0.74) at coordinates (337, 191, 640, 480)
2024-06-24 15:30:01,527 - INFO - Detected Person 1 (Confirmed) (0.78) at coordinates (0, 61, 381, 479)
2024-06-24 15:30:01,744 - INFO - Detected Person 1 (Confirmed) (0.74) at coordinates (353, 192, 640, 480)
2024-06-24 15:30:01,910 - INFO - Detected Person 1 (Confirmed) (0.77) at coordinates (5, 68, 442, 478)
2024-06-24 15:30:02,113 - INFO - Detected Person 1 (Confirmed) (0.75) at coordinates (352, 198, 628, 477)
2024-06-24 15:30:02,270 - INFO - Detected Person 1 (Confirmed) (0.77) at coordinates (0, 81, 402, 478)
2024-06-24 15:30:02,479 - INFO - Detected Person 1 (Confirmed) (0.71) at coordinates (363, 194, 598, 480)
2024-06-24 15:30:02,643 - INFO - Detected Person 1 (Confirmed) (0.79) at coordinates (0, 82, 399, 478)
2024-06-24 15:30:02,857 - INFO - Detected Person 1 (Confirmed) (0.74) at coordinates (275, 171, 640, 480)
2024-06-24 15:30:03,019 - INFO - Detected Person 1 (Confirmed) (0.80) at coordinates (6, 68, 478, 478)
2024-06-24 15:30:03,229 - INFO - Detected Person 1 (Confirmed) (0.81) at coordinates (5, 59, 484, 478)
2024-06-24 15:30:03,380 - INFO - Detected Person 2 (0.70) at coordinates (280, 166, 640, 480)
2024-06-24 15:30:03,578 - INFO - Detected Person 1 (Confirmed) (0.79) at coordinates (6, 91, 468, 479)
2024-06-24 15:30:03,731 - INFO - Detected Person 2 (Confirmed) (0.72) at coordinates (288, 171, 640, 478)
2024-06-24 15:30:03,966 - INFO - Detected Person 1 (Confirmed) (0.78) at coordinates (6, 99, 604, 478)
2024-06-24 15:30:04,171 - INFO - Detected Person 4 (0.75) at coordinates (102, 106, 634, 476)
2024-06-24 15:30:04,373 - INFO - Detected Person 1 (Confirmed) (0.82) at coordinates (145, 67, 640, 478)
2024-06-24 15:30:04,561 - INFO - Detected Person 1 (Confirmed) (0.81) at coordinates (171, 60, 637, 477)
2024-06-24 15:30:04,754 - INFO - Detected Person 1 (Confirmed) (0.77) at coordinates (171, 44, 638, 478)
2024-06-24 15:30:04,963 - INFO - Detected Person 4 (0.79) at coordinates (119, 55, 636, 475)
2024-06-24 15:30:05,172 - INFO - Detected Person 1 (Confirmed) (0.83) at coordinates (87, 85, 640, 480)
2024-06-24 15:30:05,360 - INFO - Detected Person 1 (Confirmed) (0.82) at coordinates (118, 80, 640, 480)
2024-06-24 15:30:05,573 - INFO - Detected Person 1 (Confirmed) (0.83) at coordinates (128, 78, 640, 480)
2024-06-24 15:30:05,772 - INFO - Detected Person 1 (Confirmed) (0.83) at coordinates (130, 81, 640, 480)
2024-06-24 15:30:05,974 - INFO - Detected Person 1 (Confirmed) (0.82) at coordinates (153, 83, 640, 480)
2024-06-24 15:30:06,168 - INFO - Detected Person 1 (Confirmed) (0.85) at coordinates (141, 80, 640, 480)
2024-06-24 15:30:06,378 - INFO - Detected Person 1 (Confirmed) (0.83) at coordinates (156, 80, 640, 480)
2024-06-24 15:30:06,574 - INFO - Detected Person 1 (Confirmed) (0.84) at coordinates (147, 76, 640, 480)
2024-06-24 15:30:06,794 - INFO - Detected Person 1 (Confirmed) (0.84) at coordinates (126, 79, 640, 480)
2024-06-24 15:30:07,006 - INFO - Detected Person 1 (Confirmed) (0.78) at coordinates (59, 86, 622, 478)
2024-06-24 15:30:07,210 - INFO - Detected Person 1 (Confirmed) (0.82) at coordinates (10, 86, 565, 480)
2024-06-24 15:30:07,402 - INFO - Detected Person 1 (Confirmed) (0.80) at coordinates (0, 88, 530, 480)
2024-06-24 15:30:07,605 - INFO - Detected Person 1 (Confirmed) (0.77) at coordinates (5, 99, 528, 480)
2024-06-24 15:30:07,809 - INFO - Detected Person 1 (Confirmed) (0.81) at coordinates (5, 101, 533, 480)
2024-06-24 15:30:08,015 - INFO - Detected Person 1 (Confirmed) (0.77) at coordinates (0, 59, 557, 479)
2024-06-24 15:30:08,209 - INFO - Detected Person 1 (Confirmed) (0.81) at coordinates (2, 17, 596, 479)
2024-06-24 15:30:08,430 - INFO - Detected Person 1 (Confirmed) (0.78) at coordinates (2, 3, 619, 478)
2024-06-24 15:30:08,620 - INFO - Detected Person 1 (Confirmed) (0.74) at coordinates (8, 4, 540, 477)
2024-06-24 15:30:08,836 - INFO - Saved new image and features for person 4
2024-06-24 15:30:08,836 - INFO - New angle detected for person 4
2024-06-24 15:30:08,836 - INFO - Detected Person 4 (Confirmed) (0.77) at coordinates (364, 146, 640, 477)
2024-06-24 15:30:08,990 - INFO - Detected Person 1 (Confirmed) (0.75) at coordinates (10, 2, 570, 476)
2024-06-24 15:30:09,188 - INFO - Detected Person 1 (Confirmed) (0.76) at coordinates (203, 165, 452, 477)
2024-06-24 15:30:09,394 - INFO - Detected Person 1 (Confirmed) (0.76) at coordinates (187, 159, 437, 443)
2024-06-24 15:30:09,602 - INFO - Detected Person 1 (Confirmed) (0.74) at coordinates (180, 164, 426, 465)
2024-06-24 15:30:09,823 - INFO - Detected Person 1 (Confirmed) (0.75) at coordinates (182, 168, 426, 466)
2024-06-24 15:30:10,035 - INFO - Detected Person 1 (Confirmed) (0.77) at coordinates (187, 170, 424, 455)
2024-06-24 15:30:10,222 - INFO - Detected Person 1 (Confirmed) (0.77) at coordinates (207, 180, 426, 467)
2024-06-24 15:30:10,428 - INFO - Detected Person 1 (Confirmed) (0.76) at coordinates (213, 183, 429, 461)
2024-06-24 15:30:10,646 - INFO - Detected Person 1 (Confirmed) (0.76) at coordinates (194, 171, 457, 475)
2024-06-24 15:30:10,852 - INFO - Detected Person 1 (Confirmed) (0.79) at coordinates (183, 155, 450, 474)
2024-06-24 15:30:11,050 - INFO - Detected Person 1 (Confirmed) (0.79) at coordinates (189, 167, 450, 472)
2024-06-24 15:30:11,253 - INFO - Detected Person 1 (Confirmed) (0.77) at coordinates (159, 165, 417, 471)
2024-06-24 15:30:11,477 - INFO - Detected Person 1 (Confirmed) (0.78) at coordinates (137, 174, 437, 457)
2024-06-24 15:30:11,670 - INFO - Detected Person 1 (Confirmed) (0.75) at coordinates (153, 186, 317, 378)
2024-06-24 15:30:11,886 - INFO - Detected Person 1 (Confirmed) (0.74) at coordinates (184, 182, 360, 435)
2024-06-24 15:30:12,096 - INFO - Detected Person 1 (Confirmed) (0.80) at coordinates (6, 2, 481, 478)
2024-06-24 15:30:12,399 - INFO - Saved new image and features for person 4
2024-06-24 15:30:12,399 - INFO - New angle detected for person 4
2024-06-24 15:30:12,399 - INFO - Detected Person 4 (Confirmed) (0.73) at coordinates (16, 2, 637, 476)
2024-06-24 15:30:12,550 - INFO - Detected Person 4 (Confirmed) (0.75) at coordinates (286, 0, 517, 288)
2024-06-24 15:30:12,769 - INFO - Detected Person 1 (Confirmed) (0.77) at coordinates (11, 1, 638, 479)
2024-06-24 15:30:12,980 - INFO - Detected Person 1 (Confirmed) (0.82) at coordinates (0, 0, 637, 480)
2024-06-24 15:30:13,171 - INFO - Detected Person 1 (Confirmed) (0.79) at coordinates (2, 1, 637, 480)
2024-06-24 15:30:13,373 - INFO - Detected Person 1 (Confirmed) (0.76) at coordinates (61, 24, 638, 479)
2024-06-24 15:30:13,574 - INFO - Detected Person 1 (Confirmed) (0.77) at coordinates (72, 92, 640, 479)
2024-06-24 15:30:13,769 - INFO - Detected Person 1 (Confirmed) (0.76) at coordinates (47, 45, 637, 478)
2024-06-24 15:30:13,957 - INFO - Detected Person 1 (Confirmed) (0.76) at coordinates (50, 34, 637, 478)
2024-06-24 15:30:14,181 - INFO - Detected Person 1 (Confirmed) (0.79) at coordinates (38, 46, 638, 478)
2024-06-24 15:30:14,406 - INFO - Detected Person 1 (Confirmed) (0.81) at coordinates (38, 53, 637, 475)
2024-06-24 15:30:14,606 - INFO - Detected Person 1 (Confirmed) (0.80) at coordinates (34, 55, 637, 477)
2024-06-24 15:30:14,803 - INFO - Detected Person 1 (Confirmed) (0.81) at coordinates (19, 46, 634, 477)
2024-06-24 15:30:15,004 - INFO - Detected Person 1 (Confirmed) (0.81) at coordinates (20, 39, 637, 477)
2024-06-24 15:30:15,006 - INFO - User requested to quit
2024-06-24 15:30:15,336 - INFO - Application closed
2024-06-24 15:36:08,423 - INFO - Loaded frozen inference graph
2024-06-24 15:36:14,374 - INFO - Created detection function from frozen graph
2024-06-24 15:36:21,472 - INFO - Created pose-invariant model
2024-06-24 15:36:55,433 - INFO - Loaded features for 4 existing persons
2024-06-24 15:36:55,435 - INFO - Starting main detection loop
2024-06-24 15:37:00,489 - INFO - Detected Person 1 (0.74) at coordinates (109, 161, 635, 478)
2024-06-24 15:37:00,750 - INFO - Detected Person 1 (0.81) at coordinates (192, 188, 545, 477)
2024-06-24 15:37:01,023 - INFO - Detected Person 1 (0.79) at coordinates (193, 195, 567, 477)
2024-06-24 15:37:01,232 - INFO - Detected Person 1 (0.79) at coordinates (160, 196, 551, 480)
2024-06-24 15:37:01,441 - INFO - Detected Person 1 (0.79) at coordinates (148, 193, 630, 479)
2024-06-24 15:37:01,633 - INFO - Detected Person 1 (0.78) at coordinates (152, 188, 638, 478)
2024-06-24 15:37:01,847 - INFO - Detected Person 1 (0.75) at coordinates (146, 187, 635, 479)
2024-06-24 15:37:02,056 - INFO - Detected Person 1 (0.80) at coordinates (158, 192, 562, 479)
2024-06-24 15:37:02,256 - INFO - Detected Person 1 (0.76) at coordinates (155, 196, 546, 480)
2024-06-24 15:37:02,494 - INFO - Detected Person 1 (0.74) at coordinates (145, 200, 550, 480)
2024-06-24 15:37:02,752 - INFO - Detected Person 1 (0.72) at coordinates (158, 219, 580, 480)
2024-06-24 15:37:02,946 - INFO - Detected Person 1 (0.72) at coordinates (179, 231, 616, 480)
2024-06-24 15:37:03,156 - INFO - Detected Person 1 (0.73) at coordinates (190, 245, 626, 480)
2024-06-24 15:37:03,363 - INFO - Detected Person 1 (0.73) at coordinates (235, 245, 632, 480)
2024-06-24 15:37:03,567 - INFO - Detected Person 1 (0.73) at coordinates (246, 246, 634, 477)
2024-06-24 15:37:03,764 - INFO - Detected Person 1 (0.73) at coordinates (248, 249, 635, 477)
2024-06-24 15:37:03,976 - INFO - Detected Person 1 (0.73) at coordinates (249, 249, 634, 478)
2024-06-24 15:37:04,178 - INFO - Detected Person 1 (0.75) at coordinates (250, 253, 633, 477)
2024-06-24 15:37:04,413 - INFO - Detected Person 1 (0.73) at coordinates (250, 249, 632, 478)
2024-06-24 15:37:04,658 - INFO - Detected Person 1 (0.73) at coordinates (254, 252, 630, 479)
2024-06-24 15:37:04,879 - INFO - Detected Person 1 (0.72) at coordinates (254, 255, 632, 478)
2024-06-24 15:37:05,101 - INFO - Detected Person 1 (0.71) at coordinates (257, 253, 634, 479)
2024-06-24 15:37:05,305 - INFO - Detected Person 1 (0.73) at coordinates (251, 254, 635, 478)
2024-06-24 15:37:05,513 - INFO - Detected Person 3 (0.71) at coordinates (242, 252, 631, 479)
2024-06-24 15:37:05,729 - INFO - Detected Person 1 (0.71) at coordinates (209, 226, 618, 480)
2024-06-24 15:37:05,923 - INFO - Detected Person 1 (0.73) at coordinates (175, 214, 596, 480)
2024-06-24 15:37:06,123 - INFO - Detected Person 1 (0.73) at coordinates (177, 200, 563, 480)
2024-06-24 15:37:06,334 - INFO - Detected Person 1 (0.78) at coordinates (182, 192, 546, 480)
2024-06-24 15:37:06,567 - INFO - Detected Person 1 (0.79) at coordinates (177, 191, 550, 480)
2024-06-24 15:37:06,761 - INFO - Detected Person 1 (0.79) at coordinates (175, 190, 550, 480)
2024-06-24 15:37:06,974 - INFO - Detected Person 1 (0.78) at coordinates (177, 191, 557, 479)
2024-06-24 15:37:07,177 - INFO - Detected Person 1 (0.78) at coordinates (169, 197, 559, 480)
2024-06-24 15:37:07,377 - INFO - Detected Person 1 (0.77) at coordinates (170, 197, 550, 480)
2024-06-24 15:37:07,578 - INFO - Detected Person 1 (0.74) at coordinates (185, 207, 565, 480)
2024-06-24 15:37:07,773 - INFO - Detected Person 1 (0.74) at coordinates (185, 204, 570, 480)
2024-06-24 15:37:07,975 - INFO - Detected Person 1 (0.75) at coordinates (192, 204, 575, 480)
2024-06-24 15:37:08,179 - INFO - Detected Person 1 (0.78) at coordinates (206, 193, 555, 480)
2024-06-24 15:37:08,380 - INFO - Detected Person 1 (0.79) at coordinates (203, 192, 547, 480)
2024-06-24 15:37:08,571 - INFO - Detected Person 1 (0.80) at coordinates (189, 188, 550, 479)
2024-06-24 15:37:08,800 - INFO - Detected Person 1 (0.80) at coordinates (174, 185, 583, 477)
2024-06-24 15:37:09,008 - INFO - Detected Person 1 (0.79) at coordinates (168, 182, 598, 478)
2024-06-24 15:37:09,195 - INFO - Detected Person 1 (0.80) at coordinates (174, 180, 613, 480)
2024-06-24 15:37:09,379 - INFO - Detected Person 1 (0.79) at coordinates (177, 181, 616, 480)
2024-06-24 15:37:09,593 - INFO - Detected Person 1 (0.80) at coordinates (174, 186, 616, 479)
2024-06-24 15:37:09,781 - INFO - Detected Person 1 (0.80) at coordinates (176, 185, 616, 479)
2024-06-24 15:37:10,014 - INFO - Detected Person 1 (0.77) at coordinates (169, 188, 625, 478)
2024-06-24 15:37:10,246 - INFO - Detected Person 1 (0.78) at coordinates (169, 185, 627, 479)
2024-06-24 15:37:10,430 - INFO - Detected Person 1 (0.82) at coordinates (155, 181, 607, 478)
2024-06-24 15:37:10,624 - INFO - Detected Person 1 (0.81) at coordinates (122, 183, 552, 480)
2024-06-24 15:37:10,847 - INFO - Detected Person 1 (0.82) at coordinates (140, 181, 546, 480)
2024-06-24 15:37:11,055 - INFO - Detected Person 1 (0.82) at coordinates (164, 183, 543, 478)
2024-06-24 15:37:11,252 - INFO - Detected Person 4 (0.76) at coordinates (210, 186, 448, 476)
2024-06-24 15:37:11,456 - INFO - Saved new image and features for person 5
2024-06-24 15:37:11,456 - INFO - New person detected with ID 5
2024-06-24 15:37:11,456 - INFO - Detected Person 5 (0.68) at coordinates (162, 180, 307, 444)
2024-06-24 15:37:11,695 - INFO - Detected Person 1 (0.80) at coordinates (0, 162, 290, 480)
2024-06-24 15:37:11,922 - INFO - Detected Person 1 (0.80) at coordinates (2, 164, 296, 480)
2024-06-24 15:37:12,112 - INFO - Detected Person 1 (0.80) at coordinates (1, 170, 291, 480)
2024-06-24 15:37:12,323 - INFO - Detected Person 1 (0.81) at coordinates (1, 168, 291, 480)
2024-06-24 15:37:12,522 - INFO - Detected Person 1 (0.80) at coordinates (1, 170, 293, 480)
2024-06-24 15:37:12,726 - INFO - Detected Person 1 (0.81) at coordinates (0, 165, 281, 480)
2024-06-24 15:37:12,952 - INFO - Detected Person 4 (0.73) at coordinates (6, 161, 226, 471)
2024-06-24 15:37:13,348 - INFO - Saved new image and features for person 6
2024-06-24 15:37:13,348 - INFO - New person detected with ID 6
2024-06-24 15:37:13,348 - INFO - Detected Person 6 (0.65) at coordinates (383, 298, 594, 480)
2024-06-24 15:37:13,751 - INFO - Detected Person 6 (0.86) at coordinates (385, 299, 590, 479)
2024-06-24 15:37:13,982 - INFO - Detected Person 6 (0.84) at coordinates (334, 281, 583, 477)
2024-06-24 15:37:14,183 - INFO - Detected Person 1 (0.77) at coordinates (0, 94, 255, 475)
2024-06-24 15:37:14,331 - INFO - Detected Person 6 (0.83) at coordinates (323, 234, 585, 477)
2024-06-24 15:37:14,548 - INFO - Detected Person 6 (0.73) at coordinates (394, 179, 567, 457)
2024-06-24 15:37:14,697 - INFO - Detected Person 1 (0.80) at coordinates (0, 21, 254, 478)
2024-06-24 15:37:14,890 - INFO - Detected Person 1 (0.81) at coordinates (0, 45, 256, 479)
2024-06-24 15:37:15,084 - INFO - Detected Person 1 (0.79) at coordinates (0, 45, 257, 479)
2024-06-24 15:37:15,254 - INFO - Detected Person 1 (0.74) at coordinates (348, 203, 606, 475)
2024-06-24 15:37:15,486 - INFO - Detected Person 1 (0.79) at coordinates (0, 58, 263, 479)
2024-06-24 15:37:15,691 - INFO - Detected Person 1 (0.75) at coordinates (379, 199, 629, 476)
2024-06-24 15:37:15,853 - INFO - Detected Person 1 (0.81) at coordinates (0, 61, 263, 478)
2024-06-24 15:37:16,057 - INFO - Detected Person 1 (0.75) at coordinates (337, 201, 585, 466)
2024-06-24 15:37:16,201 - INFO - Detected Person 1 (0.81) at coordinates (0, 54, 264, 479)
2024-06-24 15:37:16,408 - INFO - Detected Person 1 (0.80) at coordinates (0, 51, 261, 478)
2024-06-24 15:37:16,599 - INFO - Detected Person 1 (0.80) at coordinates (0, 58, 261, 478)
2024-06-24 15:37:16,789 - INFO - Detected Person 1 (0.80) at coordinates (0, 62, 262, 477)
2024-06-24 15:37:17,016 - INFO - Detected Person 6 (0.83) at coordinates (298, 208, 585, 478)
2024-06-24 15:37:17,171 - INFO - Detected Person 1 (0.79) at coordinates (0, 70, 267, 477)
2024-06-24 15:37:17,362 - INFO - Detected Person 1 (0.81) at coordinates (0, 88, 282, 477)
2024-06-24 15:37:17,569 - INFO - Detected Person 1 (0.80) at coordinates (0, 90, 288, 476)
2024-06-24 15:37:17,718 - INFO - Detected Person 6 (0.83) at coordinates (299, 220, 600, 479)
2024-06-24 15:37:17,921 - INFO - Detected Person 6 (0.87) at coordinates (328, 225, 598, 477)
2024-06-24 15:37:18,066 - INFO - Detected Person 1 (0.81) at coordinates (0, 92, 277, 477)
2024-06-24 15:37:18,300 - INFO - Detected Person 6 (0.83) at coordinates (326, 219, 598, 480)
2024-06-24 15:37:18,457 - INFO - Detected Person 1 (0.80) at coordinates (0, 84, 281, 476)
2024-06-24 15:37:18,656 - INFO - Detected Person 6 (0.88) at coordinates (318, 217, 606, 480)
2024-06-24 15:37:18,822 - INFO - Detected Person 1 (0.80) at coordinates (1, 80, 289, 476)
2024-06-24 15:37:19,029 - INFO - Detected Person 6 (0.86) at coordinates (328, 217, 602, 480)
2024-06-24 15:37:19,179 - INFO - Detected Person 1 (0.81) at coordinates (2, 81, 294, 476)
2024-06-24 15:37:19,394 - INFO - Detected Person 1 (0.80) at coordinates (0, 87, 283, 477)
2024-06-24 15:37:19,547 - INFO - Detected Person 6 (0.89) at coordinates (328, 218, 601, 478)
2024-06-24 15:37:19,755 - INFO - Detected Person 6 (0.88) at coordinates (325, 222, 600, 478)
2024-06-24 15:37:19,913 - INFO - Detected Person 1 (0.81) at coordinates (1, 80, 292, 476)
2024-06-24 15:37:20,120 - INFO - Detected Person 6 (0.85) at coordinates (326, 224, 597, 478)
2024-06-24 15:37:20,272 - INFO - Detected Person 1 (0.80) at coordinates (1, 79, 292, 476)
2024-06-24 15:37:20,471 - INFO - Detected Person 6 (0.87) at coordinates (331, 221, 601, 480)
2024-06-24 15:37:20,638 - INFO - Detected Person 1 (0.80) at coordinates (1, 80, 293, 477)
2024-06-24 15:37:20,841 - INFO - Detected Person 1 (0.80) at coordinates (3, 86, 304, 480)
2024-06-24 15:37:20,997 - INFO - Detected Person 6 (0.86) at coordinates (334, 230, 610, 480)
2024-06-24 15:37:21,219 - INFO - Detected Person 4 (0.77) at coordinates (4, 107, 349, 477)
2024-06-24 15:37:21,426 - INFO - Detected Person 1 (0.79) at coordinates (53, 125, 476, 477)
2024-06-24 15:37:21,643 - INFO - Detected Person 1 (0.82) at coordinates (43, 117, 529, 479)
2024-06-24 15:37:21,832 - INFO - Detected Person 1 (0.82) at coordinates (70, 127, 557, 480)
2024-06-24 15:37:22,048 - INFO - Detected Person 1 (0.82) at coordinates (70, 124, 549, 480)
2024-06-24 15:37:22,242 - INFO - Detected Person 1 (0.81) at coordinates (73, 125, 553, 480)
2024-06-24 15:37:22,458 - INFO - Detected Person 1 (0.82) at coordinates (65, 121, 558, 480)
2024-06-24 15:37:22,659 - INFO - Detected Person 1 (0.84) at coordinates (56, 120, 555, 480)
2024-06-24 15:37:22,853 - INFO - Detected Person 1 (0.84) at coordinates (61, 121, 559, 480)
2024-06-24 15:37:23,052 - INFO - Detected Person 1 (0.83) at coordinates (64, 121, 555, 480)
2024-06-24 15:37:23,274 - INFO - Detected Person 1 (0.84) at coordinates (57, 116, 554, 480)
2024-06-24 15:37:23,477 - INFO - Detected Person 1 (0.85) at coordinates (48, 111, 553, 480)
2024-06-24 15:37:23,675 - INFO - Detected Person 1 (0.85) at coordinates (47, 95, 560, 480)
2024-06-24 15:37:23,902 - INFO - Detected Person 1 (0.84) at coordinates (29, 81, 559, 480)
2024-06-24 15:37:24,099 - INFO - Detected Person 1 (0.84) at coordinates (15, 72, 559, 480)
2024-06-24 15:37:24,289 - INFO - Detected Person 1 (0.84) at coordinates (31, 61, 561, 480)
2024-06-24 15:37:24,290 - INFO - User requested to quit
2024-06-24 15:37:24,618 - INFO - Application closed
2024-06-24 16:02:02,612 - ERROR - No such comm target registered: jupyter.widget.control
2024-06-24 16:02:02,628 - WARNING - No such comm: 39922c87-cb30-4832-8221-6d881cddcdca
2024-06-24 17:05:05,914 - ERROR - No such comm target registered: jupyter.widget.control
2024-06-24 17:05:05,922 - WARNING - No such comm: 9ba24c5a-0f75-41e4-ac2d-17d5186cc535
2024-06-24 19:18:15,111 - ERROR - No such comm target registered: jupyter.widget.control
2024-06-24 19:18:15,117 - WARNING - No such comm: 6cd9f62e-f795-43fe-9067-2c714c610641
2024-06-25 10:08:42,655 - ERROR - No such comm target registered: jupyter.widget.control
2024-06-25 10:08:42,661 - WARNING - No such comm: f660ffba-75c1-427e-b3cc-d1ba031e75e6
2024-06-25 10:59:06,054 - ERROR - No such comm target registered: jupyter.widget.control
2024-06-25 10:59:06,061 - WARNING - No such comm: a70e1e70-f1a1-48be-b838-d32661251c05
2024-06-25 13:33:23,846 - ERROR - No such comm target registered: jupyter.widget.control
2024-06-25 13:33:23,851 - WARNING - No such comm: 0c3a5a93-c1b6-4f4a-b199-1943e6b7e46f
2024-06-25 13:45:51,874 - ERROR - No such comm target registered: jupyter.widget.control
2024-06-25 13:45:51,878 - WARNING - No such comm: 9fa2c1a8-87e0-4271-91e1-bc9ffa595a52
2024-06-25 14:13:02,505 - ERROR - No such comm target registered: jupyter.widget.control
2024-06-25 14:13:02,508 - WARNING - No such comm: e472c52a-3f0d-4f96-9477-adca9770ee55
2024-06-25 14:48:24,622 - ERROR - No such comm target registered: jupyter.widget.control
2024-06-25 14:48:24,638 - WARNING - No such comm: 2b2d688e-e73d-41e7-a15c-c645fed1c4f0
2024-06-25 14:59:01,911 - ERROR - No such comm target registered: jupyter.widget.control
2024-06-25 14:59:01,920 - WARNING - No such comm: ccad6c1c-ae08-46b2-b919-ac90c15bf884
2024-06-25 15:42:05,937 - ERROR - No such comm target registered: jupyter.widget.control
2024-06-25 15:42:05,943 - WARNING - No such comm: 76142289-93ba-4652-ba51-092efc34dfad
